# JRE version: Java(TM) SE Runtime Environment (8.0_40-b25) (build 1.8.0_40-b25)
# Java VM: Java HotSpot(TM) 64-Bit Server VM (25.40-b25 mixed mode windows-amd64 compressed oops)
Heap:
 PSYoungGen      total 71168K, used 35384K [0x00000000eb100000, 0x00000000efd00000, 0x0000000100000000)
  eden space 65024K, 54% used [0x00000000eb100000,0x00000000ed38e168,0x00000000ef080000)
  from space 6144K, 0% used [0x00000000ef080000,0x00000000ef080000,0x00000000ef680000)
  to   space 5632K, 0% used [0x00000000ef680000,0x00000000ef680000,0x00000000efc00000)
 ParOldGen       total 39424K, used 12520K [0x00000000c1200000, 0x00000000c3880000, 0x00000000eb100000)
  object space 39424K, 31% used [0x00000000c1200000,0x00000000c1e3a100,0x00000000c3880000)
 Metaspace       used 24181K, capacity 24972K, committed 25136K, reserved 1071104K
  class space    used 3124K, capacity 3346K, committed 3376K, reserved 1048576K
GC Heap History (10 events):
Event: 1.774 GC heap before
{Heap before GC invocations=4 (full 0):
 PSYoungGen      total 18944K, used 18916K [0x00000000eb100000, 0x00000000ed600000, 0x0000000100000000)
  eden space 16384K, 100% used [0x00000000eb100000,0x00000000ec100000,0x00000000ec100000)
  from space 2560K, 98% used [0x00000000ec100000,0x00000000ec379020,0x00000000ec380000)
  to   space 2560K, 0% used [0x00000000ed380000,0x00000000ed380000,0x00000000ed600000)
 ParOldGen       total 44032K, used 4637K [0x00000000c1200000, 0x00000000c3d00000, 0x00000000eb100000)
  object space 44032K, 10% used [0x00000000c1200000,0x00000000c1687718,0x00000000c3d00000)
 Metaspace       used 10356K, capacity 10634K, committed 10880K, reserved 1058816K
  class space    used 1192K, capacity 1284K, committed 1408K, reserved 1048576K
Event: 1.781 GC heap after
Heap after GC invocations=4 (full 0):
 PSYoungGen      total 35328K, used 2532K [0x00000000eb100000, 0x00000000ed600000, 0x0000000100000000)
  eden space 32768K, 0% used [0x00000000eb100000,0x00000000eb100000,0x00000000ed100000)
  from space 2560K, 98% used [0x00000000ed380000,0x00000000ed5f9040,0x00000000ed600000)
  to   space 2560K, 0% used [0x00000000ed100000,0x00000000ed100000,0x00000000ed380000)
 ParOldGen       total 44032K, used 6223K [0x00000000c1200000, 0x00000000c3d00000, 0x00000000eb100000)
  object space 44032K, 14% used [0x00000000c1200000,0x00000000c1813ca8,0x00000000c3d00000)
 Metaspace       used 10356K, capacity 10634K, committed 10880K, reserved 1058816K
  class space    used 1192K, capacity 1284K, committed 1408K, reserved 1048576K
}
Event: 2.222 GC heap before
{Heap before GC invocations=5 (full 0):
 PSYoungGen      total 35328K, used 35300K [0x00000000eb100000, 0x00000000ed600000, 0x0000000100000000)
  eden space 32768K, 100% used [0x00000000eb100000,0x00000000ed100000,0x00000000ed100000)
  from space 2560K, 98% used [0x00000000ed380000,0x00000000ed5f9040,0x00000000ed600000)
  to   space 2560K, 0% used [0x00000000ed100000,0x00000000ed100000,0x00000000ed380000)
 ParOldGen       total 44032K, used 6223K [0x00000000c1200000, 0x00000000c3d00000, 0x00000000eb100000)
  object space 44032K, 14% used [0x00000000c1200000,0x00000000c1813ca8,0x00000000c3d00000)
 Metaspace       used 12353K, capacity 12696K, committed 13056K, reserved 1060864K
  class space    used 1554K, capacity 1666K, committed 1792K, reserved 1048576K
Event: 2.230 GC heap after
Heap after GC invocations=5 (full 0):
 PSYoungGen      total 35328K, used 2532K [0x00000000eb100000, 0x00000000efc00000, 0x0000000100000000)
  eden space 32768K, 0% used [0x00000000eb100000,0x00000000eb100000,0x00000000ed100000)
  from space 2560K, 98% used [0x00000000ed100000,0x00000000ed379020,0x00000000ed380000)
  to   space 5632K, 0% used [0x00000000ef680000,0x00000000ef680000,0x00000000efc00000)
 ParOldGen       total 44032K, used 8139K [0x00000000c1200000, 0x00000000c3d00000, 0x00000000eb100000)
  object space 44032K, 18% used [0x00000000c1200000,0x00000000c19f2f10,0x00000000c3d00000)
 Metaspace       used 12353K, capacity 12696K, committed 13056K, reserved 1060864K
  class space    used 1554K, capacity 1666K, committed 1792K, reserved 1048576K
}
Event: 2.593 GC heap before
{Heap before GC invocations=6 (full 0):
 PSYoungGen      total 35328K, used 35300K [0x00000000eb100000, 0x00000000efc00000, 0x0000000100000000)
  eden space 32768K, 100% used [0x00000000eb100000,0x00000000ed100000,0x00000000ed100000)
  from space 2560K, 98% used [0x00000000ed100000,0x00000000ed379020,0x00000000ed380000)
  to   space 5632K, 0% used [0x00000000ef680000,0x00000000ef680000,0x00000000efc00000)
 ParOldGen       total 44032K, used 8139K [0x00000000c1200000, 0x00000000c3d00000, 0x00000000eb100000)
  object space 44032K, 18% used [0x00000000c1200000,0x00000000c19f2f10,0x00000000c3d00000)
 Metaspace       used 14955K, capacity 15402K, committed 15744K, reserved 1062912K
  class space    used 1925K, capacity 2061K, committed 2176K, reserved 1048576K
Event: 2.609 GC heap after
Heap after GC invocations=6 (full 0):
 PSYoungGen      total 70656K, used 5247K [0x00000000eb100000, 0x00000000efd00000, 0x0000000100000000)
  eden space 65024K, 0% used [0x00000000eb100000,0x00000000eb100000,0x00000000ef080000)
  from space 5632K, 93% used [0x00000000ef680000,0x00000000efb9fe28,0x00000000efc00000)
  to   space 6144K, 0% used [0x00000000ef080000,0x00000000ef080000,0x00000000ef680000)
 ParOldGen       total 44032K, used 8147K [0x00000000c1200000, 0x00000000c3d00000, 0x00000000eb100000)
  object space 44032K, 18% used [0x00000000c1200000,0x00000000c19f4f10,0x00000000c3d00000)
 Metaspace       used 14955K, capacity 15402K, committed 15744K, reserved 1062912K
  class space    used 1925K, capacity 2061K, committed 2176K, reserved 1048576K
}
Event: 3.220 GC heap before
{Heap before GC invocations=7 (full 0):
 PSYoungGen      total 70656K, used 48749K [0x00000000eb100000, 0x00000000efd00000, 0x0000000100000000)
  eden space 65024K, 66% used [0x00000000eb100000,0x00000000edb7b890,0x00000000ef080000)
  from space 5632K, 93% used [0x00000000ef680000,0x00000000efb9fe28,0x00000000efc00000)
  to   space 6144K, 0% used [0x00000000ef080000,0x00000000ef080000,0x00000000ef680000)
 ParOldGen       total 44032K, used 8147K [0x00000000c1200000, 0x00000000c3d00000, 0x00000000eb100000)
  object space 44032K, 18% used [0x00000000c1200000,0x00000000c19f4f10,0x00000000c3d00000)
 Metaspace       used 20684K, capacity 21188K, committed 21296K, reserved 1067008K
  class space    used 2664K, capacity 2818K, committed 2864K, reserved 1048576K
Event: 3.237 GC heap after
Heap after GC invocations=7 (full 0):
 PSYoungGen      total 71168K, used 6143K [0x00000000eb100000, 0x00000000efd00000, 0x0000000100000000)
  eden space 65024K, 0% used [0x00000000eb100000,0x00000000eb100000,0x00000000ef080000)
  from space 6144K, 99% used [0x00000000ef080000,0x00000000ef67fde0,0x00000000ef680000)
  to   space 5632K, 0% used [0x00000000ef680000,0x00000000ef680000,0x00000000efc00000)
 ParOldGen       total 44032K, used 11068K [0x00000000c1200000, 0x00000000c3d00000, 0x00000000eb100000)
  object space 44032K, 25% used [0x00000000c1200000,0x00000000c1ccf378,0x00000000c3d00000)
 Metaspace       used 20684K, capacity 21188K, committed 21296K, reserved 1067008K
  class space    used 2664K, capacity 2818K, committed 2864K, reserved 1048576K
}
Event: 3.237 GC heap before
{Heap before GC invocations=8 (full 1):
 PSYoungGen      total 71168K, used 6143K [0x00000000eb100000, 0x00000000efd00000, 0x0000000100000000)
  eden space 65024K, 0% used [0x00000000eb100000,0x00000000eb100000,0x00000000ef080000)
  from space 6144K, 99% used [0x00000000ef080000,0x00000000ef67fde0,0x00000000ef680000)
  to   space 5632K, 0% used [0x00000000ef680000,0x00000000ef680000,0x00000000efc00000)
 ParOldGen       total 44032K, used 11068K [0x00000000c1200000, 0x00000000c3d00000, 0x00000000eb100000)
  object space 44032K, 25% used [0x00000000c1200000,0x00000000c1ccf378,0x00000000c3d00000)
 Metaspace       used 20684K, capacity 21188K, committed 21296K, reserved 1067008K
  class space    used 2664K, capacity 2818K, committed 2864K, reserved 1048576K
Event: 3.297 GC heap after
Heap after GC invocations=8 (full 1):
 PSYoungGen      total 71168K, used 0K [0x00000000eb100000, 0x00000000efd00000, 0x0000000100000000)
  eden space 65024K, 0% used [0x00000000eb100000,0x00000000eb100000,0x00000000ef080000)
  from space 6144K, 0% used [0x00000000ef080000,0x00000000ef080000,0x00000000ef680000)
  to   space 5632K, 0% used [0x00000000ef680000,0x00000000ef680000,0x00000000efc00000)
 ParOldGen       total 39424K, used 12520K [0x00000000c1200000, 0x00000000c3880000, 0x00000000eb100000)
  object space 39424K, 31% used [0x00000000c1200000,0x00000000c1e3a100,0x00000000c3880000)
 Metaspace       used 20682K, capacity 21182K, committed 21296K, reserved 1067008K
  class space    used 2664K, capacity 2817K, committed 2864K, reserved 1048576K
}

