# JRE version: Java(TM) SE Runtime Environment (8.0_40-b25) (build 1.8.0_40-b25)
# Java VM: Java HotSpot(TM) 64-Bit Server VM (25.40-b25 mixed mode windows-amd64 compressed oops)
Heap:
 PSYoungGen      total 70656K, used 15046K [0x00000000eb100000, 0x00000000efd00000, 0x0000000100000000)
  eden space 65024K, 14% used [0x00000000eb100000,0x00000000eba7ca30,0x00000000ef080000)
  from space 5632K, 94% used [0x00000000ef680000,0x00000000efbb51c8,0x00000000efc00000)
  to   space 6144K, 0% used [0x00000000ef080000,0x00000000ef080000,0x00000000ef680000)
 ParOldGen       total 44032K, used 8183K [0x00000000c1200000, 0x00000000c3d00000, 0x00000000eb100000)
  object space 44032K, 18% used [0x00000000c1200000,0x00000000c19fdf00,0x00000000c3d00000)
 Metaspace       used 16586K, capacity 17052K, committed 17152K, reserved 1064960K
  class space    used 2091K, capacity 2226K, committed 2304K, reserved 1048576K
GC Heap History (10 events):
Event: 1.285 GC heap before
{Heap before GC invocations=2 (full 0):
 PSYoungGen      total 18944K, used 18939K [0x00000000eb100000, 0x00000000ec600000, 0x0000000100000000)
  eden space 16384K, 100% used [0x00000000eb100000,0x00000000ec100000,0x00000000ec100000)
  from space 2560K, 99% used [0x00000000ec100000,0x00000000ec37ec40,0x00000000ec380000)
  to   space 2560K, 0% used [0x00000000ec380000,0x00000000ec380000,0x00000000ec600000)
 ParOldGen       total 44032K, used 221K [0x00000000c1200000, 0x00000000c3d00000, 0x00000000eb100000)
  object space 44032K, 0% used [0x00000000c1200000,0x00000000c1237558,0x00000000c3d00000)
 Metaspace       used 6898K, capacity 7042K, committed 7296K, reserved 1056768K
  class space    used 780K, capacity 861K, committed 896K, reserved 1048576K
Event: 1.293 GC heap after
Heap after GC invocations=2 (full 0):
 PSYoungGen      total 18944K, used 2536K [0x00000000eb100000, 0x00000000ed600000, 0x0000000100000000)
  eden space 16384K, 0% used [0x00000000eb100000,0x00000000eb100000,0x00000000ec100000)
  from space 2560K, 99% used [0x00000000ec380000,0x00000000ec5fa318,0x00000000ec600000)
  to   space 2560K, 0% used [0x00000000ec100000,0x00000000ec100000,0x00000000ec380000)
 ParOldGen       total 44032K, used 2104K [0x00000000c1200000, 0x00000000c3d00000, 0x00000000eb100000)
  object space 44032K, 4% used [0x00000000c1200000,0x00000000c140e0b8,0x00000000c3d00000)
 Metaspace       used 6898K, capacity 7042K, committed 7296K, reserved 1056768K
  class space    used 780K, capacity 861K, committed 896K, reserved 1048576K
}
Event: 1.565 GC heap before
{Heap before GC invocations=3 (full 0):
 PSYoungGen      total 18944K, used 18920K [0x00000000eb100000, 0x00000000ed600000, 0x0000000100000000)
  eden space 16384K, 100% used [0x00000000eb100000,0x00000000ec100000,0x00000000ec100000)
  from space 2560K, 99% used [0x00000000ec380000,0x00000000ec5fa318,0x00000000ec600000)
  to   space 2560K, 0% used [0x00000000ec100000,0x00000000ec100000,0x00000000ec380000)
 ParOldGen       total 44032K, used 2104K [0x00000000c1200000, 0x00000000c3d00000, 0x00000000eb100000)
  object space 44032K, 4% used [0x00000000c1200000,0x00000000c140e0b8,0x00000000c3d00000)
 Metaspace       used 8061K, capacity 8252K, committed 8448K, reserved 1056768K
  class space    used 946K, capacity 1007K, committed 1024K, reserved 1048576K
Event: 1.573 GC heap after
Heap after GC invocations=3 (full 0):
 PSYoungGen      total 18944K, used 2532K [0x00000000eb100000, 0x00000000ed600000, 0x0000000100000000)
  eden space 16384K, 0% used [0x00000000eb100000,0x00000000eb100000,0x00000000ec100000)
  from space 2560K, 98% used [0x00000000ec100000,0x00000000ec3791d8,0x00000000ec380000)
  to   space 2560K, 0% used [0x00000000ed380000,0x00000000ed380000,0x00000000ed600000)
 ParOldGen       total 44032K, used 4672K [0x00000000c1200000, 0x00000000c3d00000, 0x00000000eb100000)
  object space 44032K, 10% used [0x00000000c1200000,0x00000000c1690300,0x00000000c3d00000)
 Metaspace       used 8061K, capacity 8252K, committed 8448K, reserved 1056768K
  class space    used 946K, capacity 1007K, committed 1024K, reserved 1048576K
}
Event: 1.804 GC heap before
{Heap before GC invocations=4 (full 0):
 PSYoungGen      total 18944K, used 18916K [0x00000000eb100000, 0x00000000ed600000, 0x0000000100000000)
  eden space 16384K, 100% used [0x00000000eb100000,0x00000000ec100000,0x00000000ec100000)
  from space 2560K, 98% used [0x00000000ec100000,0x00000000ec3791d8,0x00000000ec380000)
  to   space 2560K, 0% used [0x00000000ed380000,0x00000000ed380000,0x00000000ed600000)
 ParOldGen       total 44032K, used 4672K [0x00000000c1200000, 0x00000000c3d00000, 0x00000000eb100000)
  object space 44032K, 10% used [0x00000000c1200000,0x00000000c1690300,0x00000000c3d00000)
 Metaspace       used 10378K, capacity 10628K, committed 10880K, reserved 1058816K
  class space    used 1188K, capacity 1283K, committed 1408K, reserved 1048576K
Event: 1.811 GC heap after
Heap after GC invocations=4 (full 0):
 PSYoungGen      total 35328K, used 2536K [0x00000000eb100000, 0x00000000ed600000, 0x0000000100000000)
  eden space 32768K, 0% used [0x00000000eb100000,0x00000000eb100000,0x00000000ed100000)
  from space 2560K, 99% used [0x00000000ed380000,0x00000000ed5fa150,0x00000000ed600000)
  to   space 2560K, 0% used [0x00000000ed100000,0x00000000ed100000,0x00000000ed380000)
 ParOldGen       total 44032K, used 6257K [0x00000000c1200000, 0x00000000c3d00000, 0x00000000eb100000)
  object space 44032K, 14% used [0x00000000c1200000,0x00000000c181c400,0x00000000c3d00000)
 Metaspace       used 10378K, capacity 10628K, committed 10880K, reserved 1058816K
  class space    used 1188K, capacity 1283K, committed 1408K, reserved 1048576K
}
Event: 2.244 GC heap before
{Heap before GC invocations=5 (full 0):
 PSYoungGen      total 35328K, used 35304K [0x00000000eb100000, 0x00000000ed600000, 0x0000000100000000)
  eden space 32768K, 100% used [0x00000000eb100000,0x00000000ed100000,0x00000000ed100000)
  from space 2560K, 99% used [0x00000000ed380000,0x00000000ed5fa150,0x00000000ed600000)
  to   space 2560K, 0% used [0x00000000ed100000,0x00000000ed100000,0x00000000ed380000)
 ParOldGen       total 44032K, used 6257K [0x00000000c1200000, 0x00000000c3d00000, 0x00000000eb100000)
  object space 44032K, 14% used [0x00000000c1200000,0x00000000c181c400,0x00000000c3d00000)
 Metaspace       used 12387K, capacity 12690K, committed 13056K, reserved 1060864K
  class space    used 1554K, capacity 1665K, committed 1792K, reserved 1048576K
Event: 2.254 GC heap after
Heap after GC invocations=5 (full 0):
 PSYoungGen      total 35328K, used 2532K [0x00000000eb100000, 0x00000000efc00000, 0x0000000100000000)
  eden space 32768K, 0% used [0x00000000eb100000,0x00000000eb100000,0x00000000ed100000)
  from space 2560K, 98% used [0x00000000ed100000,0x00000000ed379040,0x00000000ed380000)
  to   space 5632K, 0% used [0x00000000ef680000,0x00000000ef680000,0x00000000efc00000)
 ParOldGen       total 44032K, used 8175K [0x00000000c1200000, 0x00000000c3d00000, 0x00000000eb100000)
  object space 44032K, 18% used [0x00000000c1200000,0x00000000c19fbf00,0x00000000c3d00000)
 Metaspace       used 12387K, capacity 12690K, committed 13056K, reserved 1060864K
  class space    used 1554K, capacity 1665K, committed 1792K, reserved 1048576K
}
Event: 2.647 GC heap before
{Heap before GC invocations=6 (full 0):
 PSYoungGen      total 35328K, used 35300K [0x00000000eb100000, 0x00000000efc00000, 0x0000000100000000)
  eden space 32768K, 100% used [0x00000000eb100000,0x00000000ed100000,0x00000000ed100000)
  from space 2560K, 98% used [0x00000000ed100000,0x00000000ed379040,0x00000000ed380000)
  to   space 5632K, 0% used [0x00000000ef680000,0x00000000ef680000,0x00000000efc00000)
 ParOldGen       total 44032K, used 8175K [0x00000000c1200000, 0x00000000c3d00000, 0x00000000eb100000)
  object space 44032K, 18% used [0x00000000c1200000,0x00000000c19fbf00,0x00000000c3d00000)
 Metaspace       used 15017K, capacity 15520K, committed 15744K, reserved 1062912K
  class space    used 1923K, capacity 2060K, committed 2176K, reserved 1048576K
Event: 2.659 GC heap after
Heap after GC invocations=6 (full 0):
 PSYoungGen      total 70656K, used 5332K [0x00000000eb100000, 0x00000000efd00000, 0x0000000100000000)
  eden space 65024K, 0% used [0x00000000eb100000,0x00000000eb100000,0x00000000ef080000)
  from space 5632K, 94% used [0x00000000ef680000,0x00000000efbb51c8,0x00000000efc00000)
  to   space 6144K, 0% used [0x00000000ef080000,0x00000000ef080000,0x00000000ef680000)
 ParOldGen       total 44032K, used 8183K [0x00000000c1200000, 0x00000000c3d00000, 0x00000000eb100000)
  object space 44032K, 18% used [0x00000000c1200000,0x00000000c19fdf00,0x00000000c3d00000)
 Metaspace       used 15017K, capacity 15520K, committed 15744K, reserved 1062912K
  class space    used 1923K, capacity 2060K, committed 2176K, reserved 1048576K
}

