# JRE version: Java(TM) SE Runtime Environment (8.0_40-b25) (build 1.8.0_40-b25)
# Java VM: Java HotSpot(TM) 64-Bit Server VM (25.40-b25 mixed mode windows-amd64 compressed oops)
Heap:
 PSYoungGen      total 61440K, used 20621K [0x00000000eb100000, 0x00000000efb80000, 0x0000000100000000)
  eden space 56320K, 28% used [0x00000000eb100000,0x00000000ec087c38,0x00000000ee800000)
  from space 5120K, 92% used [0x00000000ef680000,0x00000000efb1bb38,0x00000000efb80000)
  to   space 6144K, 0% used [0x00000000eef80000,0x00000000eef80000,0x00000000ef580000)
 ParOldGen       total 30208K, used 6252K [0x00000000c1200000, 0x00000000c2f80000, 0x00000000eb100000)
  object space 30208K, 20% used [0x00000000c1200000,0x00000000c181b030,0x00000000c2f80000)
 Metaspace       used 21603K, capacity 22186K, committed 22400K, reserved 1069056K
  class space    used 2773K, capacity 2939K, committed 2944K, reserved 1048576K
GC Heap History (10 events):
Event: 2.116 GC heap before
{Heap before GC invocations=5 (full 0):
 PSYoungGen      total 35328K, used 35300K [0x00000000eb100000, 0x00000000ed600000, 0x0000000100000000)
  eden space 32768K, 100% used [0x00000000eb100000,0x00000000ed100000,0x00000000ed100000)
  from space 2560K, 98% used [0x00000000ed380000,0x00000000ed5f9040,0x00000000ed600000)
  to   space 2560K, 0% used [0x00000000ed100000,0x00000000ed100000,0x00000000ed380000)
 ParOldGen       total 44032K, used 6282K [0x00000000c1200000, 0x00000000c3d00000, 0x00000000eb100000)
  object space 44032K, 14% used [0x00000000c1200000,0x00000000c1822ba8,0x00000000c3d00000)
 Metaspace       used 12351K, capacity 12696K, committed 13056K, reserved 1060864K
  class space    used 1549K, capacity 1666K, committed 1792K, reserved 1048576K
Event: 2.125 GC heap after
Heap after GC invocations=5 (full 0):
 PSYoungGen      total 35328K, used 2532K [0x00000000eb100000, 0x00000000efc00000, 0x0000000100000000)
  eden space 32768K, 0% used [0x00000000eb100000,0x00000000eb100000,0x00000000ed100000)
  from space 2560K, 98% used [0x00000000ed100000,0x00000000ed379020,0x00000000ed380000)
  to   space 5632K, 0% used [0x00000000ef680000,0x00000000ef680000,0x00000000efc00000)
 ParOldGen       total 44032K, used 8192K [0x00000000c1200000, 0x00000000c3d00000, 0x00000000eb100000)
  object space 44032K, 18% used [0x00000000c1200000,0x00000000c1a001e8,0x00000000c3d00000)
 Metaspace       used 12351K, capacity 12696K, committed 13056K, reserved 1060864K
  class space    used 1549K, capacity 1666K, committed 1792K, reserved 1048576K
}
Event: 2.479 GC heap before
{Heap before GC invocations=6 (full 0):
 PSYoungGen      total 35328K, used 35300K [0x00000000eb100000, 0x00000000efc00000, 0x0000000100000000)
  eden space 32768K, 100% used [0x00000000eb100000,0x00000000ed100000,0x00000000ed100000)
  from space 2560K, 98% used [0x00000000ed100000,0x00000000ed379020,0x00000000ed380000)
  to   space 5632K, 0% used [0x00000000ef680000,0x00000000ef680000,0x00000000efc00000)
 ParOldGen       total 44032K, used 8192K [0x00000000c1200000, 0x00000000c3d00000, 0x00000000eb100000)
  object space 44032K, 18% used [0x00000000c1200000,0x00000000c1a001e8,0x00000000c3d00000)
 Metaspace       used 14969K, capacity 15436K, committed 15744K, reserved 1062912K
  class space    used 1918K, capacity 2056K, committed 2176K, reserved 1048576K
Event: 2.491 GC heap after
Heap after GC invocations=6 (full 0):
 PSYoungGen      total 38400K, used 5262K [0x00000000eb100000, 0x00000000efc00000, 0x0000000100000000)
  eden space 32768K, 0% used [0x00000000eb100000,0x00000000eb100000,0x00000000ed100000)
  from space 5632K, 93% used [0x00000000ef680000,0x00000000efba38f8,0x00000000efc00000)
  to   space 2560K, 0% used [0x00000000ed100000,0x00000000ed100000,0x00000000ed380000)
 ParOldGen       total 44032K, used 8200K [0x00000000c1200000, 0x00000000c3d00000, 0x00000000eb100000)
  object space 44032K, 18% used [0x00000000c1200000,0x00000000c1a021e8,0x00000000c3d00000)
 Metaspace       used 14969K, capacity 15436K, committed 15744K, reserved 1062912K
  class space    used 1918K, capacity 2056K, committed 2176K, reserved 1048576K
}
Event: 2.546 GC heap before
{Heap before GC invocations=7 (full 0):
 PSYoungGen      total 38400K, used 8742K [0x00000000eb100000, 0x00000000efc00000, 0x0000000100000000)
  eden space 32768K, 10% used [0x00000000eb100000,0x00000000eb465f88,0x00000000ed100000)
  from space 5632K, 93% used [0x00000000ef680000,0x00000000efba38f8,0x00000000efc00000)
  to   space 2560K, 0% used [0x00000000ed100000,0x00000000ed100000,0x00000000ed380000)
 ParOldGen       total 44032K, used 8200K [0x00000000c1200000, 0x00000000c3d00000, 0x00000000eb100000)
  object space 44032K, 18% used [0x00000000c1200000,0x00000000c1a021e8,0x00000000c3d00000)
 Metaspace       used 15491K, capacity 15922K, committed 16000K, reserved 1069056K
  class space    used 1978K, capacity 2127K, committed 2176K, reserved 1048576K
Event: 2.555 GC heap after
Heap after GC invocations=7 (full 0):
 PSYoungGen      total 35328K, used 2557K [0x00000000eb100000, 0x00000000efc00000, 0x0000000100000000)
  eden space 32768K, 0% used [0x00000000eb100000,0x00000000eb100000,0x00000000ed100000)
  from space 2560K, 99% used [0x00000000ed100000,0x00000000ed37f488,0x00000000ed380000)
  to   space 5632K, 0% used [0x00000000ef680000,0x00000000ef680000,0x00000000efc00000)
 ParOldGen       total 44032K, used 9307K [0x00000000c1200000, 0x00000000c3d00000, 0x00000000eb100000)
  object space 44032K, 21% used [0x00000000c1200000,0x00000000c1b16e70,0x00000000c3d00000)
 Metaspace       used 15491K, capacity 15922K, committed 16000K, reserved 1069056K
  class space    used 1978K, capacity 2127K, committed 2176K, reserved 1048576K
}
Event: 2.555 GC heap before
{Heap before GC invocations=8 (full 1):
 PSYoungGen      total 35328K, used 2557K [0x00000000eb100000, 0x00000000efc00000, 0x0000000100000000)
  eden space 32768K, 0% used [0x00000000eb100000,0x00000000eb100000,0x00000000ed100000)
  from space 2560K, 99% used [0x00000000ed100000,0x00000000ed37f488,0x00000000ed380000)
  to   space 5632K, 0% used [0x00000000ef680000,0x00000000ef680000,0x00000000efc00000)
 ParOldGen       total 44032K, used 9307K [0x00000000c1200000, 0x00000000c3d00000, 0x00000000eb100000)
  object space 44032K, 21% used [0x00000000c1200000,0x00000000c1b16e70,0x00000000c3d00000)
 Metaspace       used 15491K, capacity 15922K, committed 16000K, reserved 1069056K
  class space    used 1978K, capacity 2127K, committed 2176K, reserved 1048576K
Event: 2.603 GC heap after
Heap after GC invocations=8 (full 1):
 PSYoungGen      total 35328K, used 0K [0x00000000eb100000, 0x00000000efc00000, 0x0000000100000000)
  eden space 32768K, 0% used [0x00000000eb100000,0x00000000eb100000,0x00000000ed100000)
  from space 2560K, 0% used [0x00000000ed100000,0x00000000ed100000,0x00000000ed380000)
  to   space 5632K, 0% used [0x00000000ef680000,0x00000000ef680000,0x00000000efc00000)
 ParOldGen       total 30208K, used 6244K [0x00000000c1200000, 0x00000000c2f80000, 0x00000000eb100000)
  object space 30208K, 20% used [0x00000000c1200000,0x00000000c1819030,0x00000000c2f80000)
 Metaspace       used 15489K, capacity 15914K, committed 16000K, reserved 1064960K
  class space    used 1977K, capacity 2125K, committed 2176K, reserved 1048576K
}
Event: 3.025 GC heap before
{Heap before GC invocations=9 (full 1):
 PSYoungGen      total 35328K, used 32768K [0x00000000eb100000, 0x00000000efc00000, 0x0000000100000000)
  eden space 32768K, 100% used [0x00000000eb100000,0x00000000ed100000,0x00000000ed100000)
  from space 2560K, 0% used [0x00000000ed100000,0x00000000ed100000,0x00000000ed380000)
  to   space 5632K, 0% used [0x00000000ef680000,0x00000000ef680000,0x00000000efc00000)
 ParOldGen       total 30208K, used 6244K [0x00000000c1200000, 0x00000000c2f80000, 0x00000000eb100000)
  object space 30208K, 20% used [0x00000000c1200000,0x00000000c1819030,0x00000000c2f80000)
 Metaspace       used 19618K, capacity 20142K, committed 20352K, reserved 1067008K
  class space    used 2545K, capacity 2685K, committed 2688K, reserved 1048576K
Event: 3.031 GC heap after
Heap after GC invocations=9 (full 1):
 PSYoungGen      total 61440K, used 4718K [0x00000000eb100000, 0x00000000efb80000, 0x0000000100000000)
  eden space 56320K, 0% used [0x00000000eb100000,0x00000000eb100000,0x00000000ee800000)
  from space 5120K, 92% used [0x00000000ef680000,0x00000000efb1bb38,0x00000000efb80000)
  to   space 6144K, 0% used [0x00000000eef80000,0x00000000eef80000,0x00000000ef580000)
 ParOldGen       total 30208K, used 6252K [0x00000000c1200000, 0x00000000c2f80000, 0x00000000eb100000)
  object space 30208K, 20% used [0x00000000c1200000,0x00000000c181b030,0x00000000c2f80000)
 Metaspace       used 19618K, capacity 20142K, committed 20352K, reserved 1067008K
  class space    used 2545K, capacity 2685K, committed 2688K, reserved 1048576K
}

