# JRE version: Java(TM) SE Runtime Environment (8.0_40-b25) (build 1.8.0_40-b25)
# Java VM: Java HotSpot(TM) 64-Bit Server VM (25.40-b25 mixed mode windows-amd64 compressed oops)
Heap:
 PSYoungGen      total 35328K, used 26209K [0x00000000eb100000, 0x00000000ed600000, 0x0000000100000000)
  eden space 32768K, 79% used [0x00000000eb100000,0x00000000eca984d8,0x00000000ed100000)
  from space 2560K, 0% used [0x00000000ed100000,0x00000000ed100000,0x00000000ed380000)
  to   space 2560K, 0% used [0x00000000ed380000,0x00000000ed380000,0x00000000ed600000)
 ParOldGen       total 32768K, used 7558K [0x00000000c1200000, 0x00000000c3200000, 0x00000000eb100000)
  object space 32768K, 23% used [0x00000000c1200000,0x00000000c19618a0,0x00000000c3200000)
 Metaspace       used 19499K, capacity 19976K, committed 20096K, reserved 1071104K
  class space    used 2530K, capacity 2672K, committed 2688K, reserved 1048576K
GC Heap History (10 events):
Event: 1.806 GC heap before
{Heap before GC invocations=4 (full 0):
 PSYoungGen      total 18944K, used 18916K [0x00000000eb100000, 0x00000000ed600000, 0x0000000100000000)
  eden space 16384K, 100% used [0x00000000eb100000,0x00000000ec100000,0x00000000ec100000)
  from space 2560K, 98% used [0x00000000ec100000,0x00000000ec379020,0x00000000ec380000)
  to   space 2560K, 0% used [0x00000000ed380000,0x00000000ed380000,0x00000000ed600000)
 ParOldGen       total 44032K, used 4651K [0x00000000c1200000, 0x00000000c3d00000, 0x00000000eb100000)
  object space 44032K, 10% used [0x00000000c1200000,0x00000000c168afd8,0x00000000c3d00000)
 Metaspace       used 10377K, capacity 10634K, committed 10880K, reserved 1058816K
  class space    used 1194K, capacity 1284K, committed 1408K, reserved 1048576K
Event: 1.813 GC heap after
Heap after GC invocations=4 (full 0):
 PSYoungGen      total 35328K, used 2536K [0x00000000eb100000, 0x00000000ed600000, 0x0000000100000000)
  eden space 32768K, 0% used [0x00000000eb100000,0x00000000eb100000,0x00000000ed100000)
  from space 2560K, 99% used [0x00000000ed380000,0x00000000ed5fa150,0x00000000ed600000)
  to   space 2560K, 0% used [0x00000000ed100000,0x00000000ed100000,0x00000000ed380000)
 ParOldGen       total 44032K, used 6252K [0x00000000c1200000, 0x00000000c3d00000, 0x00000000eb100000)
  object space 44032K, 14% used [0x00000000c1200000,0x00000000c181b098,0x00000000c3d00000)
 Metaspace       used 10377K, capacity 10634K, committed 10880K, reserved 1058816K
  class space    used 1194K, capacity 1284K, committed 1408K, reserved 1048576K
}
Event: 2.255 GC heap before
{Heap before GC invocations=5 (full 0):
 PSYoungGen      total 35328K, used 35304K [0x00000000eb100000, 0x00000000ed600000, 0x0000000100000000)
  eden space 32768K, 100% used [0x00000000eb100000,0x00000000ed100000,0x00000000ed100000)
  from space 2560K, 99% used [0x00000000ed380000,0x00000000ed5fa150,0x00000000ed600000)
  to   space 2560K, 0% used [0x00000000ed100000,0x00000000ed100000,0x00000000ed380000)
 ParOldGen       total 44032K, used 6252K [0x00000000c1200000, 0x00000000c3d00000, 0x00000000eb100000)
  object space 44032K, 14% used [0x00000000c1200000,0x00000000c181b098,0x00000000c3d00000)
 Metaspace       used 12361K, capacity 12696K, committed 13056K, reserved 1060864K
  class space    used 1555K, capacity 1666K, committed 1792K, reserved 1048576K
Event: 2.264 GC heap after
Heap after GC invocations=5 (full 0):
 PSYoungGen      total 35328K, used 2532K [0x00000000eb100000, 0x00000000ed600000, 0x0000000100000000)
  eden space 32768K, 0% used [0x00000000eb100000,0x00000000eb100000,0x00000000ed100000)
  from space 2560K, 98% used [0x00000000ed100000,0x00000000ed379040,0x00000000ed380000)
  to   space 2560K, 0% used [0x00000000ed380000,0x00000000ed380000,0x00000000ed600000)
 ParOldGen       total 44032K, used 8153K [0x00000000c1200000, 0x00000000c3d00000, 0x00000000eb100000)
  object space 44032K, 18% used [0x00000000c1200000,0x00000000c19f6610,0x00000000c3d00000)
 Metaspace       used 12361K, capacity 12696K, committed 13056K, reserved 1060864K
  class space    used 1555K, capacity 1666K, committed 1792K, reserved 1048576K
}
Event: 2.612 GC heap before
{Heap before GC invocations=6 (full 0):
 PSYoungGen      total 35328K, used 35300K [0x00000000eb100000, 0x00000000ed600000, 0x0000000100000000)
  eden space 32768K, 100% used [0x00000000eb100000,0x00000000ed100000,0x00000000ed100000)
  from space 2560K, 98% used [0x00000000ed100000,0x00000000ed379040,0x00000000ed380000)
  to   space 2560K, 0% used [0x00000000ed380000,0x00000000ed380000,0x00000000ed600000)
 ParOldGen       total 44032K, used 8153K [0x00000000c1200000, 0x00000000c3d00000, 0x00000000eb100000)
  object space 44032K, 18% used [0x00000000c1200000,0x00000000c19f6610,0x00000000c3d00000)
 Metaspace       used 14851K, capacity 15340K, committed 15488K, reserved 1062912K
  class space    used 1931K, capacity 2062K, committed 2176K, reserved 1048576K
Event: 2.622 GC heap after
Heap after GC invocations=6 (full 0):
 PSYoungGen      total 35328K, used 2532K [0x00000000eb100000, 0x00000000ed600000, 0x0000000100000000)
  eden space 32768K, 0% used [0x00000000eb100000,0x00000000eb100000,0x00000000ed100000)
  from space 2560K, 98% used [0x00000000ed380000,0x00000000ed5f9040,0x00000000ed600000)
  to   space 2560K, 0% used [0x00000000ed100000,0x00000000ed100000,0x00000000ed380000)
 ParOldGen       total 44032K, used 10636K [0x00000000c1200000, 0x00000000c3d00000, 0x00000000eb100000)
  object space 44032K, 24% used [0x00000000c1200000,0x00000000c1c63038,0x00000000c3d00000)
 Metaspace       used 14851K, capacity 15340K, committed 15488K, reserved 1062912K
  class space    used 1931K, capacity 2062K, committed 2176K, reserved 1048576K
}
Event: 2.744 GC heap before
{Heap before GC invocations=7 (full 0):
 PSYoungGen      total 35328K, used 12906K [0x00000000eb100000, 0x00000000ed600000, 0x0000000100000000)
  eden space 32768K, 31% used [0x00000000eb100000,0x00000000ebb218c8,0x00000000ed100000)
  from space 2560K, 98% used [0x00000000ed380000,0x00000000ed5f9040,0x00000000ed600000)
  to   space 2560K, 0% used [0x00000000ed100000,0x00000000ed100000,0x00000000ed380000)
 ParOldGen       total 44032K, used 10636K [0x00000000c1200000, 0x00000000c3d00000, 0x00000000eb100000)
  object space 44032K, 24% used [0x00000000c1200000,0x00000000c1c63038,0x00000000c3d00000)
 Metaspace       used 16601K, capacity 17058K, committed 17152K, reserved 1069056K
  class space    used 2109K, capacity 2227K, committed 2304K, reserved 1048576K
Event: 2.753 GC heap after
Heap after GC invocations=7 (full 0):
 PSYoungGen      total 35328K, used 2537K [0x00000000eb100000, 0x00000000ed600000, 0x0000000100000000)
  eden space 32768K, 0% used [0x00000000eb100000,0x00000000eb100000,0x00000000ed100000)
  from space 2560K, 99% used [0x00000000ed100000,0x00000000ed37a7b0,0x00000000ed380000)
  to   space 2560K, 0% used [0x00000000ed380000,0x00000000ed380000,0x00000000ed600000)
 ParOldGen       total 44032K, used 12586K [0x00000000c1200000, 0x00000000c3d00000, 0x00000000eb100000)
  object space 44032K, 28% used [0x00000000c1200000,0x00000000c1e4aa98,0x00000000c3d00000)
 Metaspace       used 16601K, capacity 17058K, committed 17152K, reserved 1069056K
  class space    used 2109K, capacity 2227K, committed 2304K, reserved 1048576K
}
Event: 2.753 GC heap before
{Heap before GC invocations=8 (full 1):
 PSYoungGen      total 35328K, used 2537K [0x00000000eb100000, 0x00000000ed600000, 0x0000000100000000)
  eden space 32768K, 0% used [0x00000000eb100000,0x00000000eb100000,0x00000000ed100000)
  from space 2560K, 99% used [0x00000000ed100000,0x00000000ed37a7b0,0x00000000ed380000)
  to   space 2560K, 0% used [0x00000000ed380000,0x00000000ed380000,0x00000000ed600000)
 ParOldGen       total 44032K, used 12586K [0x00000000c1200000, 0x00000000c3d00000, 0x00000000eb100000)
  object space 44032K, 28% used [0x00000000c1200000,0x00000000c1e4aa98,0x00000000c3d00000)
 Metaspace       used 16601K, capacity 17058K, committed 17152K, reserved 1069056K
  class space    used 2109K, capacity 2227K, committed 2304K, reserved 1048576K
Event: 2.801 GC heap after
Heap after GC invocations=8 (full 1):
 PSYoungGen      total 35328K, used 0K [0x00000000eb100000, 0x00000000ed600000, 0x0000000100000000)
  eden space 32768K, 0% used [0x00000000eb100000,0x00000000eb100000,0x00000000ed100000)
  from space 2560K, 0% used [0x00000000ed100000,0x00000000ed100000,0x00000000ed380000)
  to   space 2560K, 0% used [0x00000000ed380000,0x00000000ed380000,0x00000000ed600000)
 ParOldGen       total 32768K, used 7558K [0x00000000c1200000, 0x00000000c3200000, 0x00000000eb100000)
  object space 32768K, 23% used [0x00000000c1200000,0x00000000c19618a0,0x00000000c3200000)
 Metaspace       used 16599K, capacity 17052K, committed 17152K, reserved 1067008K
  class space    used 2109K, capacity 2226K, committed 2304K, reserved 1048576K
}

