# JRE version: Java(TM) SE Runtime Environment (8.0_40-b25) (build 1.8.0_40-b25)
# Java VM: Java HotSpot(TM) 64-Bit Server VM (25.40-b25 mixed mode windows-amd64 compressed oops)
Heap:
 PSYoungGen      total 35328K, used 7051K [0x00000000eb100000, 0x00000000ed600000, 0x0000000100000000)
  eden space 32768K, 13% used [0x00000000eb100000,0x00000000eb5695c0,0x00000000ed100000)
  from space 2560K, 98% used [0x00000000ed100000,0x00000000ed379758,0x00000000ed380000)
  to   space 2560K, 0% used [0x00000000ed380000,0x00000000ed380000,0x00000000ed600000)
 ParOldGen       total 34304K, used 7753K [0x00000000c1200000, 0x00000000c3380000, 0x00000000eb100000)
  object space 34304K, 22% used [0x00000000c1200000,0x00000000c1992788,0x00000000c3380000)
 Metaspace       used 24177K, capacity 24940K, committed 25088K, reserved 1071104K
  class space    used 3121K, capacity 3314K, committed 3328K, reserved 1048576K
GC Heap History (10 events):
Event: 2.729 GC heap before
{Heap before GC invocations=6 (full 0):
 PSYoungGen      total 35328K, used 35300K [0x00000000eb100000, 0x00000000ed600000, 0x0000000100000000)
  eden space 32768K, 100% used [0x00000000eb100000,0x00000000ed100000,0x00000000ed100000)
  from space 2560K, 98% used [0x00000000ed100000,0x00000000ed379010,0x00000000ed380000)
  to   space 2560K, 0% used [0x00000000ed380000,0x00000000ed380000,0x00000000ed600000)
 ParOldGen       total 44032K, used 8215K [0x00000000c1200000, 0x00000000c3d00000, 0x00000000eb100000)
  object space 44032K, 18% used [0x00000000c1200000,0x00000000c1a05d20,0x00000000c3d00000)
 Metaspace       used 14905K, capacity 15338K, committed 15488K, reserved 1062912K
  class space    used 1921K, capacity 2061K, committed 2176K, reserved 1048576K
Event: 2.743 GC heap after
Heap after GC invocations=6 (full 0):
 PSYoungGen      total 35328K, used 2547K [0x00000000eb100000, 0x00000000ed600000, 0x0000000100000000)
  eden space 32768K, 0% used [0x00000000eb100000,0x00000000eb100000,0x00000000ed100000)
  from space 2560K, 99% used [0x00000000ed380000,0x00000000ed5fcd80,0x00000000ed600000)
  to   space 2560K, 0% used [0x00000000ed100000,0x00000000ed100000,0x00000000ed380000)
 ParOldGen       total 44032K, used 10726K [0x00000000c1200000, 0x00000000c3d00000, 0x00000000eb100000)
  object space 44032K, 24% used [0x00000000c1200000,0x00000000c1c79a48,0x00000000c3d00000)
 Metaspace       used 14905K, capacity 15338K, committed 15488K, reserved 1062912K
  class space    used 1921K, capacity 2061K, committed 2176K, reserved 1048576K
}
Event: 3.163 GC heap before
{Heap before GC invocations=7 (full 0):
 PSYoungGen      total 35328K, used 35315K [0x00000000eb100000, 0x00000000ed600000, 0x0000000100000000)
  eden space 32768K, 100% used [0x00000000eb100000,0x00000000ed100000,0x00000000ed100000)
  from space 2560K, 99% used [0x00000000ed380000,0x00000000ed5fcd80,0x00000000ed600000)
  to   space 2560K, 0% used [0x00000000ed100000,0x00000000ed100000,0x00000000ed380000)
 ParOldGen       total 44032K, used 10739K [0x00000000c1200000, 0x00000000c3d00000, 0x00000000eb100000)
  object space 44032K, 24% used [0x00000000c1200000,0x00000000c1c7cda8,0x00000000c3d00000)
 Metaspace       used 19239K, capacity 19760K, committed 20096K, reserved 1067008K
  class space    used 2484K, capacity 2646K, committed 2688K, reserved 1048576K
Event: 3.178 GC heap after
Heap after GC invocations=7 (full 0):
 PSYoungGen      total 35328K, used 2538K [0x00000000eb100000, 0x00000000ed600000, 0x0000000100000000)
  eden space 32768K, 0% used [0x00000000eb100000,0x00000000eb100000,0x00000000ed100000)
  from space 2560K, 99% used [0x00000000ed100000,0x00000000ed37a9f8,0x00000000ed380000)
  to   space 2560K, 0% used [0x00000000ed380000,0x00000000ed380000,0x00000000ed600000)
 ParOldGen       total 44032K, used 15534K [0x00000000c1200000, 0x00000000c3d00000, 0x00000000eb100000)
  object space 44032K, 35% used [0x00000000c1200000,0x00000000c212bba8,0x00000000c3d00000)
 Metaspace       used 19239K, capacity 19760K, committed 20096K, reserved 1067008K
  class space    used 2484K, capacity 2646K, committed 2688K, reserved 1048576K
}
Event: 3.301 GC heap before
{Heap before GC invocations=8 (full 0):
 PSYoungGen      total 35328K, used 10848K [0x00000000eb100000, 0x00000000ed600000, 0x0000000100000000)
  eden space 32768K, 25% used [0x00000000eb100000,0x00000000eb91d838,0x00000000ed100000)
  from space 2560K, 99% used [0x00000000ed100000,0x00000000ed37a9f8,0x00000000ed380000)
  to   space 2560K, 0% used [0x00000000ed380000,0x00000000ed380000,0x00000000ed600000)
 ParOldGen       total 44032K, used 15534K [0x00000000c1200000, 0x00000000c3d00000, 0x00000000eb100000)
  object space 44032K, 35% used [0x00000000c1200000,0x00000000c212bba8,0x00000000c3d00000)
 Metaspace       used 20645K, capacity 21168K, committed 21248K, reserved 1067008K
  class space    used 2657K, capacity 2814K, committed 2816K, reserved 1048576K
Event: 3.308 GC heap after
Heap after GC invocations=8 (full 0):
 PSYoungGen      total 35328K, used 2512K [0x00000000eb100000, 0x00000000ed600000, 0x0000000100000000)
  eden space 32768K, 0% used [0x00000000eb100000,0x00000000eb100000,0x00000000ed100000)
  from space 2560K, 98% used [0x00000000ed380000,0x00000000ed5f42f0,0x00000000ed600000)
  to   space 2560K, 0% used [0x00000000ed100000,0x00000000ed100000,0x00000000ed380000)
 ParOldGen       total 44032K, used 16092K [0x00000000c1200000, 0x00000000c3d00000, 0x00000000eb100000)
  object space 44032K, 36% used [0x00000000c1200000,0x00000000c21b70e8,0x00000000c3d00000)
 Metaspace       used 20645K, capacity 21168K, committed 21248K, reserved 1067008K
  class space    used 2657K, capacity 2814K, committed 2816K, reserved 1048576K
}
Event: 3.308 GC heap before
{Heap before GC invocations=9 (full 1):
 PSYoungGen      total 35328K, used 2512K [0x00000000eb100000, 0x00000000ed600000, 0x0000000100000000)
  eden space 32768K, 0% used [0x00000000eb100000,0x00000000eb100000,0x00000000ed100000)
  from space 2560K, 98% used [0x00000000ed380000,0x00000000ed5f42f0,0x00000000ed600000)
  to   space 2560K, 0% used [0x00000000ed100000,0x00000000ed100000,0x00000000ed380000)
 ParOldGen       total 44032K, used 16092K [0x00000000c1200000, 0x00000000c3d00000, 0x00000000eb100000)
  object space 44032K, 36% used [0x00000000c1200000,0x00000000c21b70e8,0x00000000c3d00000)
 Metaspace       used 20645K, capacity 21168K, committed 21248K, reserved 1067008K
  class space    used 2657K, capacity 2814K, committed 2816K, reserved 1048576K
Event: 3.375 GC heap after
Heap after GC invocations=9 (full 1):
 PSYoungGen      total 35328K, used 0K [0x00000000eb100000, 0x00000000ed600000, 0x0000000100000000)
  eden space 32768K, 0% used [0x00000000eb100000,0x00000000eb100000,0x00000000ed100000)
  from space 2560K, 0% used [0x00000000ed380000,0x00000000ed380000,0x00000000ed600000)
  to   space 2560K, 0% used [0x00000000ed100000,0x00000000ed100000,0x00000000ed380000)
 ParOldGen       total 34304K, used 7123K [0x00000000c1200000, 0x00000000c3380000, 0x00000000eb100000)
  object space 34304K, 20% used [0x00000000c1200000,0x00000000c18f4ec0,0x00000000c3380000)
 Metaspace       used 20645K, capacity 21168K, committed 21248K, reserved 1067008K
  class space    used 2657K, capacity 2814K, committed 2816K, reserved 1048576K
}
Event: 4.204 GC heap before
{Heap before GC invocations=10 (full 1):
 PSYoungGen      total 35328K, used 32768K [0x00000000eb100000, 0x00000000ed600000, 0x0000000100000000)
  eden space 32768K, 100% used [0x00000000eb100000,0x00000000ed100000,0x00000000ed100000)
  from space 2560K, 0% used [0x00000000ed380000,0x00000000ed380000,0x00000000ed600000)
  to   space 2560K, 0% used [0x00000000ed100000,0x00000000ed100000,0x00000000ed380000)
 ParOldGen       total 34304K, used 7123K [0x00000000c1200000, 0x00000000c3380000, 0x00000000eb100000)
  object space 34304K, 20% used [0x00000000c1200000,0x00000000c18f4ec0,0x00000000c3380000)
 Metaspace       used 23760K, capacity 24464K, committed 24832K, reserved 1071104K
  class space    used 3062K, capacity 3230K, committed 3328K, reserved 1048576K
Event: 4.210 GC heap after
Heap after GC invocations=10 (full 1):
 PSYoungGen      total 35328K, used 2533K [0x00000000eb100000, 0x00000000ed600000, 0x0000000100000000)
  eden space 32768K, 0% used [0x00000000eb100000,0x00000000eb100000,0x00000000ed100000)
  from space 2560K, 98% used [0x00000000ed100000,0x00000000ed379758,0x00000000ed380000)
  to   space 2560K, 0% used [0x00000000ed380000,0x00000000ed380000,0x00000000ed600000)
 ParOldGen       total 34304K, used 7753K [0x00000000c1200000, 0x00000000c3380000, 0x00000000eb100000)
  object space 34304K, 22% used [0x00000000c1200000,0x00000000c1992788,0x00000000c3380000)
 Metaspace       used 23760K, capacity 24464K, committed 24832K, reserved 1071104K
  class space    used 3062K, capacity 3230K, committed 3328K, reserved 1048576K
}

