# JRE version: Java(TM) SE Runtime Environment (8.0_40-b25) (build 1.8.0_40-b25)
# Java VM: Java HotSpot(TM) 64-Bit Server VM (25.40-b25 mixed mode windows-amd64 compressed oops)
Heap:
 PSYoungGen      total 71168K, used 40605K [0x00000000eb100000, 0x00000000efd00000, 0x0000000100000000)
  eden space 65024K, 62% used [0x00000000eb100000,0x00000000ed8a7480,0x00000000ef080000)
  from space 6144K, 0% used [0x00000000ef080000,0x00000000ef080000,0x00000000ef680000)
  to   space 5632K, 0% used [0x00000000ef680000,0x00000000ef680000,0x00000000efc00000)
 ParOldGen       total 38400K, used 11957K [0x00000000c1200000, 0x00000000c3780000, 0x00000000eb100000)
  object space 38400K, 31% used [0x00000000c1200000,0x00000000c1dad4b8,0x00000000c3780000)
 Metaspace       used 24184K, capacity 24940K, committed 25136K, reserved 1071104K
  class space    used 3115K, capacity 3314K, committed 3376K, reserved 1048576K
GC Heap History (10 events):
Event: 1.730 GC heap before
{Heap before GC invocations=4 (full 0):
 PSYoungGen      total 18944K, used 18916K [0x00000000eb100000, 0x00000000ed600000, 0x0000000100000000)
  eden space 16384K, 100% used [0x00000000eb100000,0x00000000ec100000,0x00000000ec100000)
  from space 2560K, 98% used [0x00000000ec100000,0x00000000ec379040,0x00000000ec380000)
  to   space 2560K, 0% used [0x00000000ed380000,0x00000000ed380000,0x00000000ed600000)
 ParOldGen       total 44032K, used 4635K [0x00000000c1200000, 0x00000000c3d00000, 0x00000000eb100000)
  object space 44032K, 10% used [0x00000000c1200000,0x00000000c1686da0,0x00000000c3d00000)
 Metaspace       used 10362K, capacity 10622K, committed 10880K, reserved 1058816K
  class space    used 1179K, capacity 1282K, committed 1408K, reserved 1048576K
Event: 1.738 GC heap after
Heap after GC invocations=4 (full 0):
 PSYoungGen      total 35328K, used 2532K [0x00000000eb100000, 0x00000000ed600000, 0x0000000100000000)
  eden space 32768K, 0% used [0x00000000eb100000,0x00000000eb100000,0x00000000ed100000)
  from space 2560K, 98% used [0x00000000ed380000,0x00000000ed5f9040,0x00000000ed600000)
  to   space 2560K, 0% used [0x00000000ed100000,0x00000000ed100000,0x00000000ed380000)
 ParOldGen       total 44032K, used 6251K [0x00000000c1200000, 0x00000000c3d00000, 0x00000000eb100000)
  object space 44032K, 14% used [0x00000000c1200000,0x00000000c181af38,0x00000000c3d00000)
 Metaspace       used 10362K, capacity 10622K, committed 10880K, reserved 1058816K
  class space    used 1179K, capacity 1282K, committed 1408K, reserved 1048576K
}
Event: 2.122 GC heap before
{Heap before GC invocations=5 (full 0):
 PSYoungGen      total 35328K, used 35300K [0x00000000eb100000, 0x00000000ed600000, 0x0000000100000000)
  eden space 32768K, 100% used [0x00000000eb100000,0x00000000ed100000,0x00000000ed100000)
  from space 2560K, 98% used [0x00000000ed380000,0x00000000ed5f9040,0x00000000ed600000)
  to   space 2560K, 0% used [0x00000000ed100000,0x00000000ed100000,0x00000000ed380000)
 ParOldGen       total 44032K, used 6251K [0x00000000c1200000, 0x00000000c3d00000, 0x00000000eb100000)
  object space 44032K, 14% used [0x00000000c1200000,0x00000000c181af38,0x00000000c3d00000)
 Metaspace       used 12347K, capacity 12696K, committed 13056K, reserved 1060864K
  class space    used 1548K, capacity 1666K, committed 1792K, reserved 1048576K
Event: 2.131 GC heap after
Heap after GC invocations=5 (full 0):
 PSYoungGen      total 35328K, used 2532K [0x00000000eb100000, 0x00000000efc00000, 0x0000000100000000)
  eden space 32768K, 0% used [0x00000000eb100000,0x00000000eb100000,0x00000000ed100000)
  from space 2560K, 98% used [0x00000000ed100000,0x00000000ed379020,0x00000000ed380000)
  to   space 5632K, 0% used [0x00000000ef680000,0x00000000ef680000,0x00000000efc00000)
 ParOldGen       total 44032K, used 8113K [0x00000000c1200000, 0x00000000c3d00000, 0x00000000eb100000)
  object space 44032K, 18% used [0x00000000c1200000,0x00000000c19ec578,0x00000000c3d00000)
 Metaspace       used 12347K, capacity 12696K, committed 13056K, reserved 1060864K
  class space    used 1548K, capacity 1666K, committed 1792K, reserved 1048576K
}
Event: 2.489 GC heap before
{Heap before GC invocations=6 (full 0):
 PSYoungGen      total 35328K, used 35300K [0x00000000eb100000, 0x00000000efc00000, 0x0000000100000000)
  eden space 32768K, 100% used [0x00000000eb100000,0x00000000ed100000,0x00000000ed100000)
  from space 2560K, 98% used [0x00000000ed100000,0x00000000ed379020,0x00000000ed380000)
  to   space 5632K, 0% used [0x00000000ef680000,0x00000000ef680000,0x00000000efc00000)
 ParOldGen       total 44032K, used 8113K [0x00000000c1200000, 0x00000000c3d00000, 0x00000000eb100000)
  object space 44032K, 18% used [0x00000000c1200000,0x00000000c19ec578,0x00000000c3d00000)
 Metaspace       used 14930K, capacity 15358K, committed 15744K, reserved 1062912K
  class space    used 1906K, capacity 2051K, committed 2176K, reserved 1048576K
Event: 2.501 GC heap after
Heap after GC invocations=6 (full 0):
 PSYoungGen      total 70656K, used 5322K [0x00000000eb100000, 0x00000000efd00000, 0x0000000100000000)
  eden space 65024K, 0% used [0x00000000eb100000,0x00000000eb100000,0x00000000ef080000)
  from space 5632K, 94% used [0x00000000ef680000,0x00000000efbb2928,0x00000000efc00000)
  to   space 6144K, 0% used [0x00000000ef080000,0x00000000ef080000,0x00000000ef680000)
 ParOldGen       total 44032K, used 8121K [0x00000000c1200000, 0x00000000c3d00000, 0x00000000eb100000)
  object space 44032K, 18% used [0x00000000c1200000,0x00000000c19ee578,0x00000000c3d00000)
 Metaspace       used 14930K, capacity 15358K, committed 15744K, reserved 1062912K
  class space    used 1906K, capacity 2051K, committed 2176K, reserved 1048576K
}
Event: 3.022 GC heap before
{Heap before GC invocations=7 (full 0):
 PSYoungGen      total 70656K, used 44166K [0x00000000eb100000, 0x00000000efd00000, 0x0000000100000000)
  eden space 65024K, 59% used [0x00000000eb100000,0x00000000ed6ef158,0x00000000ef080000)
  from space 5632K, 94% used [0x00000000ef680000,0x00000000efbb2928,0x00000000efc00000)
  to   space 6144K, 0% used [0x00000000ef080000,0x00000000ef080000,0x00000000ef680000)
 ParOldGen       total 44032K, used 8121K [0x00000000c1200000, 0x00000000c3d00000, 0x00000000eb100000)
  object space 44032K, 18% used [0x00000000c1200000,0x00000000c19ee578,0x00000000c3d00000)
 Metaspace       used 20678K, capacity 21204K, committed 21296K, reserved 1067008K
  class space    used 2663K, capacity 2846K, committed 2864K, reserved 1048576K
Event: 3.038 GC heap after
Heap after GC invocations=7 (full 0):
 PSYoungGen      total 71168K, used 6126K [0x00000000eb100000, 0x00000000efd00000, 0x0000000100000000)
  eden space 65024K, 0% used [0x00000000eb100000,0x00000000eb100000,0x00000000ef080000)
  from space 6144K, 99% used [0x00000000ef080000,0x00000000ef67b9b8,0x00000000ef680000)
  to   space 5632K, 0% used [0x00000000ef680000,0x00000000ef680000,0x00000000efc00000)
 ParOldGen       total 44032K, used 10489K [0x00000000c1200000, 0x00000000c3d00000, 0x00000000eb100000)
  object space 44032K, 23% used [0x00000000c1200000,0x00000000c1c3e428,0x00000000c3d00000)
 Metaspace       used 20678K, capacity 21204K, committed 21296K, reserved 1067008K
  class space    used 2663K, capacity 2846K, committed 2864K, reserved 1048576K
}
Event: 3.038 GC heap before
{Heap before GC invocations=8 (full 1):
 PSYoungGen      total 71168K, used 6126K [0x00000000eb100000, 0x00000000efd00000, 0x0000000100000000)
  eden space 65024K, 0% used [0x00000000eb100000,0x00000000eb100000,0x00000000ef080000)
  from space 6144K, 99% used [0x00000000ef080000,0x00000000ef67b9b8,0x00000000ef680000)
  to   space 5632K, 0% used [0x00000000ef680000,0x00000000ef680000,0x00000000efc00000)
 ParOldGen       total 44032K, used 10489K [0x00000000c1200000, 0x00000000c3d00000, 0x00000000eb100000)
  object space 44032K, 23% used [0x00000000c1200000,0x00000000c1c3e428,0x00000000c3d00000)
 Metaspace       used 20678K, capacity 21204K, committed 21296K, reserved 1067008K
  class space    used 2663K, capacity 2846K, committed 2864K, reserved 1048576K
Event: 3.099 GC heap after
Heap after GC invocations=8 (full 1):
 PSYoungGen      total 71168K, used 0K [0x00000000eb100000, 0x00000000efd00000, 0x0000000100000000)
  eden space 65024K, 0% used [0x00000000eb100000,0x00000000eb100000,0x00000000ef080000)
  from space 6144K, 0% used [0x00000000ef080000,0x00000000ef080000,0x00000000ef680000)
  to   space 5632K, 0% used [0x00000000ef680000,0x00000000ef680000,0x00000000efc00000)
 ParOldGen       total 38400K, used 11957K [0x00000000c1200000, 0x00000000c3780000, 0x00000000eb100000)
  object space 38400K, 31% used [0x00000000c1200000,0x00000000c1dad4b8,0x00000000c3780000)
 Metaspace       used 20676K, capacity 21198K, committed 21296K, reserved 1067008K
  class space    used 2662K, capacity 2845K, committed 2864K, reserved 1048576K
}

