# JRE version: Java(TM) SE Runtime Environment (8.0_40-b25) (build 1.8.0_40-b25)
# Java VM: Java HotSpot(TM) 64-Bit Server VM (25.40-b25 mixed mode windows-amd64 compressed oops)
Heap:
 PSYoungGen      total 35328K, used 29436K [0x00000000eb100000, 0x00000000ed600000, 0x0000000100000000)
  eden space 32768K, 89% used [0x00000000eb100000,0x00000000ecdbf2c8,0x00000000ed100000)
  from space 2560K, 0% used [0x00000000ed100000,0x00000000ed100000,0x00000000ed380000)
  to   space 2560K, 0% used [0x00000000ed380000,0x00000000ed380000,0x00000000ed600000)
 ParOldGen       total 34304K, used 8652K [0x00000000c1200000, 0x00000000c3380000, 0x00000000eb100000)
  object space 34304K, 25% used [0x00000000c1200000,0x00000000c1a73010,0x00000000c3380000)
 Metaspace       used 19207K, capacity 19708K, committed 19840K, reserved 1067008K
  class space    used 2484K, capacity 2648K, committed 2688K, reserved 1048576K
GC Heap History (10 events):
Event: 1.745 GC heap before
{Heap before GC invocations=4 (full 0):
 PSYoungGen      total 18944K, used 18916K [0x00000000eb100000, 0x00000000ed600000, 0x0000000100000000)
  eden space 16384K, 100% used [0x00000000eb100000,0x00000000ec100000,0x00000000ec100000)
  from space 2560K, 98% used [0x00000000ec100000,0x00000000ec379020,0x00000000ec380000)
  to   space 2560K, 0% used [0x00000000ed380000,0x00000000ed380000,0x00000000ed600000)
 ParOldGen       total 44032K, used 4672K [0x00000000c1200000, 0x00000000c3d00000, 0x00000000eb100000)
  object space 44032K, 10% used [0x00000000c1200000,0x00000000c1690270,0x00000000c3d00000)
 Metaspace       used 10357K, capacity 10590K, committed 10752K, reserved 1058816K
  class space    used 1178K, capacity 1250K, committed 1280K, reserved 1048576K
Event: 1.751 GC heap after
Heap after GC invocations=4 (full 0):
 PSYoungGen      total 35328K, used 2548K [0x00000000eb100000, 0x00000000ed600000, 0x0000000100000000)
  eden space 32768K, 0% used [0x00000000eb100000,0x00000000eb100000,0x00000000ed100000)
  from space 2560K, 99% used [0x00000000ed380000,0x00000000ed5fd030,0x00000000ed600000)
  to   space 2560K, 0% used [0x00000000ed100000,0x00000000ed100000,0x00000000ed380000)
 ParOldGen       total 44032K, used 6212K [0x00000000c1200000, 0x00000000c3d00000, 0x00000000eb100000)
  object space 44032K, 14% used [0x00000000c1200000,0x00000000c1811260,0x00000000c3d00000)
 Metaspace       used 10357K, capacity 10590K, committed 10752K, reserved 1058816K
  class space    used 1178K, capacity 1250K, committed 1280K, reserved 1048576K
}
Event: 2.174 GC heap before
{Heap before GC invocations=5 (full 0):
 PSYoungGen      total 35328K, used 35316K [0x00000000eb100000, 0x00000000ed600000, 0x0000000100000000)
  eden space 32768K, 100% used [0x00000000eb100000,0x00000000ed100000,0x00000000ed100000)
  from space 2560K, 99% used [0x00000000ed380000,0x00000000ed5fd030,0x00000000ed600000)
  to   space 2560K, 0% used [0x00000000ed100000,0x00000000ed100000,0x00000000ed380000)
 ParOldGen       total 44032K, used 6212K [0x00000000c1200000, 0x00000000c3d00000, 0x00000000eb100000)
  object space 44032K, 14% used [0x00000000c1200000,0x00000000c1811260,0x00000000c3d00000)
 Metaspace       used 12372K, capacity 12696K, committed 13056K, reserved 1060864K
  class space    used 1549K, capacity 1666K, committed 1792K, reserved 1048576K
Event: 2.182 GC heap after
Heap after GC invocations=5 (full 0):
 PSYoungGen      total 35328K, used 2532K [0x00000000eb100000, 0x00000000ed600000, 0x0000000100000000)
  eden space 32768K, 0% used [0x00000000eb100000,0x00000000eb100000,0x00000000ed100000)
  from space 2560K, 98% used [0x00000000ed100000,0x00000000ed379020,0x00000000ed380000)
  to   space 2560K, 0% used [0x00000000ed380000,0x00000000ed380000,0x00000000ed600000)
 ParOldGen       total 44032K, used 8176K [0x00000000c1200000, 0x00000000c3d00000, 0x00000000eb100000)
  object space 44032K, 18% used [0x00000000c1200000,0x00000000c19fc178,0x00000000c3d00000)
 Metaspace       used 12372K, capacity 12696K, committed 13056K, reserved 1060864K
  class space    used 1549K, capacity 1666K, committed 1792K, reserved 1048576K
}
Event: 2.544 GC heap before
{Heap before GC invocations=6 (full 0):
 PSYoungGen      total 35328K, used 35300K [0x00000000eb100000, 0x00000000ed600000, 0x0000000100000000)
  eden space 32768K, 100% used [0x00000000eb100000,0x00000000ed100000,0x00000000ed100000)
  from space 2560K, 98% used [0x00000000ed100000,0x00000000ed379020,0x00000000ed380000)
  to   space 2560K, 0% used [0x00000000ed380000,0x00000000ed380000,0x00000000ed600000)
 ParOldGen       total 44032K, used 8176K [0x00000000c1200000, 0x00000000c3d00000, 0x00000000eb100000)
  object space 44032K, 18% used [0x00000000c1200000,0x00000000c19fc178,0x00000000c3d00000)
 Metaspace       used 14951K, capacity 15358K, committed 15744K, reserved 1062912K
  class space    used 1911K, capacity 2051K, committed 2176K, reserved 1048576K
Event: 2.555 GC heap after
Heap after GC invocations=6 (full 0):
 PSYoungGen      total 35328K, used 2532K [0x00000000eb100000, 0x00000000ed600000, 0x0000000100000000)
  eden space 32768K, 0% used [0x00000000eb100000,0x00000000eb100000,0x00000000ed100000)
  from space 2560K, 98% used [0x00000000ed380000,0x00000000ed5f9040,0x00000000ed600000)
  to   space 2560K, 0% used [0x00000000ed100000,0x00000000ed100000,0x00000000ed380000)
 ParOldGen       total 44032K, used 10862K [0x00000000c1200000, 0x00000000c3d00000, 0x00000000eb100000)
  object space 44032K, 24% used [0x00000000c1200000,0x00000000c1c9bbb0,0x00000000c3d00000)
 Metaspace       used 14951K, capacity 15358K, committed 15744K, reserved 1062912K
  class space    used 1911K, capacity 2051K, committed 2176K, reserved 1048576K
}
Event: 2.633 GC heap before
{Heap before GC invocations=7 (full 0):
 PSYoungGen      total 35328K, used 7275K [0x00000000eb100000, 0x00000000ed600000, 0x0000000100000000)
  eden space 32768K, 14% used [0x00000000eb100000,0x00000000eb5a1de8,0x00000000ed100000)
  from space 2560K, 98% used [0x00000000ed380000,0x00000000ed5f9040,0x00000000ed600000)
  to   space 2560K, 0% used [0x00000000ed100000,0x00000000ed100000,0x00000000ed380000)
 ParOldGen       total 44032K, used 10862K [0x00000000c1200000, 0x00000000c3d00000, 0x00000000eb100000)
  object space 44032K, 24% used [0x00000000c1200000,0x00000000c1c9bbb0,0x00000000c3d00000)
 Metaspace       used 15713K, capacity 16172K, committed 16256K, reserved 1069056K
  class space    used 1995K, capacity 2126K, committed 2176K, reserved 1048576K
Event: 2.641 GC heap after
Heap after GC invocations=7 (full 0):
 PSYoungGen      total 35328K, used 2286K [0x00000000eb100000, 0x00000000ed600000, 0x0000000100000000)
  eden space 32768K, 0% used [0x00000000eb100000,0x00000000eb100000,0x00000000ed100000)
  from space 2560K, 89% used [0x00000000ed100000,0x00000000ed33bad8,0x00000000ed380000)
  to   space 2560K, 0% used [0x00000000ed380000,0x00000000ed380000,0x00000000ed600000)
 ParOldGen       total 44032K, used 11857K [0x00000000c1200000, 0x00000000c3d00000, 0x00000000eb100000)
  object space 44032K, 26% used [0x00000000c1200000,0x00000000c1d944c0,0x00000000c3d00000)
 Metaspace       used 15713K, capacity 16172K, committed 16256K, reserved 1069056K
  class space    used 1995K, capacity 2126K, committed 2176K, reserved 1048576K
}
Event: 2.641 GC heap before
{Heap before GC invocations=8 (full 1):
 PSYoungGen      total 35328K, used 2286K [0x00000000eb100000, 0x00000000ed600000, 0x0000000100000000)
  eden space 32768K, 0% used [0x00000000eb100000,0x00000000eb100000,0x00000000ed100000)
  from space 2560K, 89% used [0x00000000ed100000,0x00000000ed33bad8,0x00000000ed380000)
  to   space 2560K, 0% used [0x00000000ed380000,0x00000000ed380000,0x00000000ed600000)
 ParOldGen       total 44032K, used 11857K [0x00000000c1200000, 0x00000000c3d00000, 0x00000000eb100000)
  object space 44032K, 26% used [0x00000000c1200000,0x00000000c1d944c0,0x00000000c3d00000)
 Metaspace       used 15713K, capacity 16172K, committed 16256K, reserved 1069056K
  class space    used 1995K, capacity 2126K, committed 2176K, reserved 1048576K
Event: 2.692 GC heap after
Heap after GC invocations=8 (full 1):
 PSYoungGen      total 35328K, used 0K [0x00000000eb100000, 0x00000000ed600000, 0x0000000100000000)
  eden space 32768K, 0% used [0x00000000eb100000,0x00000000eb100000,0x00000000ed100000)
  from space 2560K, 0% used [0x00000000ed100000,0x00000000ed100000,0x00000000ed380000)
  to   space 2560K, 0% used [0x00000000ed380000,0x00000000ed380000,0x00000000ed600000)
 ParOldGen       total 34304K, used 8652K [0x00000000c1200000, 0x00000000c3380000, 0x00000000eb100000)
  object space 34304K, 25% used [0x00000000c1200000,0x00000000c1a73010,0x00000000c3380000)
 Metaspace       used 15711K, capacity 16166K, committed 16256K, reserved 1064960K
  class space    used 1995K, capacity 2125K, committed 2176K, reserved 1048576K
}

