# JRE version: Java(TM) SE Runtime Environment (8.0_40-b25) (build 1.8.0_40-b25)
# Java VM: Java HotSpot(TM) 64-Bit Server VM (25.40-b25 mixed mode windows-amd64 compressed oops)
Heap:
 PSYoungGen      total 18944K, used 1523K [0x00000000eb100000, 0x00000000ec600000, 0x0000000100000000)
  eden space 16384K, 0% used [0x00000000eb100000,0x00000000eb100000,0x00000000ec100000)
  from space 2560K, 59% used [0x00000000ec380000,0x00000000ec4fcd80,0x00000000ec600000)
  to   space 2560K, 0% used [0x00000000ec100000,0x00000000ec100000,0x00000000ec380000)
 ParOldGen       total 31232K, used 7223K [0x00000000c1200000, 0x00000000c3080000, 0x00000000eb100000)
  object space 31232K, 23% used [0x00000000c1200000,0x00000000c190dd00,0x00000000c3080000)
 Metaspace       used 18319K, capacity 18785K, committed 18944K, reserved 1071104K
  class space    used 2338K, capacity 2485K, committed 2560K, reserved 1048576K
GC Heap History (10 events):
Event: 3.111 GC heap before
{Heap before GC invocations=6 (full 0):
 PSYoungGen      total 18944K, used 18932K [0x00000000eb100000, 0x00000000ec600000, 0x0000000100000000)
  eden space 16384K, 100% used [0x00000000eb100000,0x00000000ec100000,0x00000000ec100000)
  from space 2560K, 99% used [0x00000000ec100000,0x00000000ec37d030,0x00000000ec380000)
  to   space 2560K, 0% used [0x00000000ec380000,0x00000000ec380000,0x00000000ec600000)
 ParOldGen       total 44032K, used 7552K [0x00000000c1200000, 0x00000000c3d00000, 0x00000000eb100000)
  object space 44032K, 17% used [0x00000000c1200000,0x00000000c19600b0,0x00000000c3d00000)
 Metaspace       used 12346K, capacity 12696K, committed 13056K, reserved 1060864K
  class space    used 1547K, capacity 1666K, committed 1792K, reserved 1048576K
Event: 3.119 GC heap after
Heap after GC invocations=6 (full 0):
 PSYoungGen      total 18944K, used 2532K [0x00000000eb100000, 0x00000000ec600000, 0x0000000100000000)
  eden space 16384K, 0% used [0x00000000eb100000,0x00000000eb100000,0x00000000ec100000)
  from space 2560K, 98% used [0x00000000ec380000,0x00000000ec5f9020,0x00000000ec600000)
  to   space 2560K, 0% used [0x00000000ec100000,0x00000000ec100000,0x00000000ec380000)
 ParOldGen       total 44032K, used 8232K [0x00000000c1200000, 0x00000000c3d00000, 0x00000000eb100000)
  object space 44032K, 18% used [0x00000000c1200000,0x00000000c1a0a0e0,0x00000000c3d00000)
 Metaspace       used 12346K, capacity 12696K, committed 13056K, reserved 1060864K
  class space    used 1547K, capacity 1666K, committed 1792K, reserved 1048576K
}
Event: 3.337 GC heap before
{Heap before GC invocations=7 (full 0):
 PSYoungGen      total 18944K, used 18867K [0x00000000eb100000, 0x00000000ec600000, 0x0000000100000000)
  eden space 16384K, 99% used [0x00000000eb100000,0x00000000ec0f3ec8,0x00000000ec100000)
  from space 2560K, 98% used [0x00000000ec380000,0x00000000ec5f9020,0x00000000ec600000)
  to   space 2560K, 0% used [0x00000000ec100000,0x00000000ec100000,0x00000000ec380000)
 ParOldGen       total 44032K, used 8232K [0x00000000c1200000, 0x00000000c3d00000, 0x00000000eb100000)
  object space 44032K, 18% used [0x00000000c1200000,0x00000000c1a0a0e0,0x00000000c3d00000)
 Metaspace       used 13205K, capacity 13597K, committed 13824K, reserved 1062912K
  class space    used 1683K, capacity 1792K, committed 1792K, reserved 1048576K
Event: 3.345 GC heap after
Heap after GC invocations=7 (full 0):
 PSYoungGen      total 18944K, used 2554K [0x00000000eb100000, 0x00000000ec600000, 0x0000000100000000)
  eden space 16384K, 0% used [0x00000000eb100000,0x00000000eb100000,0x00000000ec100000)
  from space 2560K, 99% used [0x00000000ec100000,0x00000000ec37eaa0,0x00000000ec380000)
  to   space 2560K, 0% used [0x00000000ec380000,0x00000000ec380000,0x00000000ec600000)
 ParOldGen       total 44032K, used 9377K [0x00000000c1200000, 0x00000000c3d00000, 0x00000000eb100000)
  object space 44032K, 21% used [0x00000000c1200000,0x00000000c1b286f8,0x00000000c3d00000)
 Metaspace       used 13205K, capacity 13597K, committed 13824K, reserved 1062912K
  class space    used 1683K, capacity 1792K, committed 1792K, reserved 1048576K
}
Event: 3.345 GC heap before
{Heap before GC invocations=8 (full 1):
 PSYoungGen      total 18944K, used 2554K [0x00000000eb100000, 0x00000000ec600000, 0x0000000100000000)
  eden space 16384K, 0% used [0x00000000eb100000,0x00000000eb100000,0x00000000ec100000)
  from space 2560K, 99% used [0x00000000ec100000,0x00000000ec37eaa0,0x00000000ec380000)
  to   space 2560K, 0% used [0x00000000ec380000,0x00000000ec380000,0x00000000ec600000)
 ParOldGen       total 44032K, used 9377K [0x00000000c1200000, 0x00000000c3d00000, 0x00000000eb100000)
  object space 44032K, 21% used [0x00000000c1200000,0x00000000c1b286f8,0x00000000c3d00000)
 Metaspace       used 13205K, capacity 13597K, committed 13824K, reserved 1062912K
  class space    used 1683K, capacity 1792K, committed 1792K, reserved 1048576K
Event: 3.393 GC heap after
Heap after GC invocations=8 (full 1):
 PSYoungGen      total 18944K, used 0K [0x00000000eb100000, 0x00000000ec600000, 0x0000000100000000)
  eden space 16384K, 0% used [0x00000000eb100000,0x00000000eb100000,0x00000000ec100000)
  from space 2560K, 0% used [0x00000000ec100000,0x00000000ec100000,0x00000000ec380000)
  to   space 2560K, 0% used [0x00000000ec380000,0x00000000ec380000,0x00000000ec600000)
 ParOldGen       total 31232K, used 6222K [0x00000000c1200000, 0x00000000c3080000, 0x00000000eb100000)
  object space 31232K, 19% used [0x00000000c1200000,0x00000000c18139f0,0x00000000c3080000)
 Metaspace       used 13203K, capacity 13591K, committed 13824K, reserved 1062912K
  class space    used 1682K, capacity 1791K, committed 1792K, reserved 1048576K
}
Event: 3.611 GC heap before
{Heap before GC invocations=9 (full 1):
 PSYoungGen      total 18944K, used 16384K [0x00000000eb100000, 0x00000000ec600000, 0x0000000100000000)
  eden space 16384K, 100% used [0x00000000eb100000,0x00000000ec100000,0x00000000ec100000)
  from space 2560K, 0% used [0x00000000ec100000,0x00000000ec100000,0x00000000ec380000)
  to   space 2560K, 0% used [0x00000000ec380000,0x00000000ec380000,0x00000000ec600000)
 ParOldGen       total 31232K, used 6222K [0x00000000c1200000, 0x00000000c3080000, 0x00000000eb100000)
  object space 31232K, 19% used [0x00000000c1200000,0x00000000c18139f0,0x00000000c3080000)
 Metaspace       used 14968K, capacity 15411K, committed 15744K, reserved 1062912K
  class space    used 1915K, capacity 2050K, committed 2176K, reserved 1048576K
Event: 3.614 GC heap after
Heap after GC invocations=9 (full 1):
 PSYoungGen      total 18944K, used 1850K [0x00000000eb100000, 0x00000000ec600000, 0x0000000100000000)
  eden space 16384K, 0% used [0x00000000eb100000,0x00000000eb100000,0x00000000ec100000)
  from space 2560K, 72% used [0x00000000ec380000,0x00000000ec54e868,0x00000000ec600000)
  to   space 2560K, 0% used [0x00000000ec100000,0x00000000ec100000,0x00000000ec380000)
 ParOldGen       total 31232K, used 6230K [0x00000000c1200000, 0x00000000c3080000, 0x00000000eb100000)
  object space 31232K, 19% used [0x00000000c1200000,0x00000000c18159f0,0x00000000c3080000)
 Metaspace       used 14968K, capacity 15411K, committed 15744K, reserved 1062912K
  class space    used 1915K, capacity 2050K, committed 2176K, reserved 1048576K
}
Event: 3.849 GC heap before
{Heap before GC invocations=10 (full 1):
 PSYoungGen      total 18944K, used 18234K [0x00000000eb100000, 0x00000000ec600000, 0x0000000100000000)
  eden space 16384K, 100% used [0x00000000eb100000,0x00000000ec100000,0x00000000ec100000)
  from space 2560K, 72% used [0x00000000ec380000,0x00000000ec54e868,0x00000000ec600000)
  to   space 2560K, 0% used [0x00000000ec100000,0x00000000ec100000,0x00000000ec380000)
 ParOldGen       total 31232K, used 6230K [0x00000000c1200000, 0x00000000c3080000, 0x00000000eb100000)
  object space 31232K, 19% used [0x00000000c1200000,0x00000000c18159f0,0x00000000c3080000)
 Metaspace       used 17471K, capacity 17949K, committed 18304K, reserved 1064960K
  class space    used 2219K, capacity 2355K, committed 2432K, reserved 1048576K
Event: 3.854 GC heap after
Heap after GC invocations=10 (full 1):
 PSYoungGen      total 18944K, used 2555K [0x00000000eb100000, 0x00000000ec600000, 0x0000000100000000)
  eden space 16384K, 0% used [0x00000000eb100000,0x00000000eb100000,0x00000000ec100000)
  from space 2560K, 99% used [0x00000000ec100000,0x00000000ec37ec28,0x00000000ec380000)
  to   space 2560K, 0% used [0x00000000ec380000,0x00000000ec380000,0x00000000ec600000)
 ParOldGen       total 31232K, used 6814K [0x00000000c1200000, 0x00000000c3080000, 0x00000000eb100000)
  object space 31232K, 21% used [0x00000000c1200000,0x00000000c18a7838,0x00000000c3080000)
 Metaspace       used 17471K, capacity 17949K, committed 18304K, reserved 1064960K
  class space    used 2219K, capacity 2355K, committed 2432K, reserved 1048576K
}

